This file contains any messages produced by compilers while
running configure, to aid debugging if configure makes a mistake.

It was created by libmeteosalute configure 1.0, which was
generated by GNU Autoconf 2.68.  Invocation command line was

  $ ./configure 

## --------- ##
## Platform. ##
## --------- ##

hostname = portatile
uname -m = x86_64
uname -r = 3.2.2-1-ARCH
uname -s = Linux
uname -v = #1 SMP PREEMPT Thu Jan 26 08:40:20 CET 2012

/usr/bin/uname -p = unknown
/bin/uname -X     = unknown

/bin/arch              = x86_64
/usr/bin/arch -k       = unknown
/usr/convex/getsysinfo = unknown
/usr/bin/hostinfo      = unknown
/bin/machine           = unknown
/usr/bin/oslevel       = unknown
/bin/universe          = unknown

PATH: /usr/local/bin
PATH: /usr/bin
PATH: /bin
PATH: /usr/local/sbin
PATH: /usr/sbin
PATH: /sbin
PATH: /opt/grass/bin
PATH: /usr/bin/vendor_perl
PATH: /usr/bin/core_perl
PATH: /opt/plusfort


## ----------- ##
## Core tests. ##
## ----------- ##

configure:2371: checking for g++
configure:2387: found /usr/bin/g++
configure:2398: result: g++
configure:2425: checking for C++ compiler version
configure:2434: g++ --version >&5
g++ (GCC) 4.6.2 20120120 (prerelease)
Copyright (C) 2011 Free Software Foundation, Inc.
This is free software; see the source for copying conditions.  There is NO
warranty; not even for MERCHANTABILITY or FITNESS FOR A PARTICULAR PURPOSE.

configure:2445: $? = 0
configure:2434: g++ -v >&5
Using built-in specs.
COLLECT_GCC=g++
COLLECT_LTO_WRAPPER=/usr/lib/gcc/x86_64-unknown-linux-gnu/4.6.2/lto-wrapper
Target: x86_64-unknown-linux-gnu
Configured with: /build/src/gcc-4.6-20120120/configure --prefix=/usr --libdir=/usr/lib --libexecdir=/usr/lib --mandir=/usr/share/man --infodir=/usr/share/info --with-bugurl=https://bugs.archlinux.org/ --enable-languages=c,c++,ada,fortran,go,lto,objc,obj-c++ --enable-shared --enable-threads=posix --with-system-zlib --enable-__cxa_atexit --disable-libunwind-exceptions --enable-clocale=gnu --disable-libstdcxx-pch --enable-libstdcxx-time --enable-gnu-unique-object --enable-linker-build-id --with-ppl --enable-cloog-backend=isl --enable-lto --enable-gold --enable-ld=default --enable-plugin --with-plugin-ld=ld.gold --disable-multilib --disable-libssp --enable-checking=release
Thread model: posix
gcc version 4.6.2 20120120 (prerelease) (GCC) 
configure:2445: $? = 0
configure:2434: g++ -V >&5
g++: error: unrecognized option '-V'
g++: fatal error: no input files
compilation terminated.
configure:2445: $? = 1
configure:2434: g++ -qversion >&5
g++: error: unrecognized option '-qversion'
g++: fatal error: no input files
compilation terminated.
configure:2445: $? = 1
configure:2465: checking whether the C++ compiler works
configure:2487: g++    conftest.cpp  >&5
configure:2491: $? = 0
configure:2539: result: yes
configure:2542: checking for C++ compiler default output file name
configure:2544: result: a.out
configure:2550: checking for suffix of executables
configure:2557: g++ -o conftest    conftest.cpp  >&5
configure:2561: $? = 0
configure:2583: result: 
configure:2605: checking whether we are cross compiling
configure:2613: g++ -o conftest    conftest.cpp  >&5
configure:2617: $? = 0
configure:2624: ./conftest
configure:2628: $? = 0
configure:2643: result: no
configure:2648: checking for suffix of object files
configure:2670: g++ -c   conftest.cpp >&5
configure:2674: $? = 0
configure:2695: result: o
configure:2699: checking whether we are using the GNU C++ compiler
configure:2718: g++ -c   conftest.cpp >&5
configure:2718: $? = 0
configure:2727: result: yes
configure:2736: checking whether g++ accepts -g
configure:2756: g++ -c -g  conftest.cpp >&5
configure:2756: $? = 0
configure:2797: result: yes
configure:2865: checking for a BSD-compatible install
configure:2933: result: /bin/install -c
configure:2944: checking whether build environment is sane
configure:2994: result: yes
configure:3135: checking for a thread-safe mkdir -p
configure:3174: result: /bin/mkdir -p
configure:3187: checking for gawk
configure:3203: found /usr/bin/gawk
configure:3214: result: gawk
configure:3225: checking whether make sets $(MAKE)
configure:3247: result: yes
configure:3277: checking for style of include used by make
configure:3305: result: GNU
configure:3391: checking dependency style of g++
configure:3502: result: gcc3
configure:3548: checking build system type
configure:3562: result: x86_64-unknown-linux-gnu
configure:3582: checking host system type
configure:3595: result: x86_64-unknown-linux-gnu
configure:3636: checking how to print strings
configure:3663: result: printf
configure:3732: checking for gcc
configure:3748: found /usr/bin/gcc
configure:3759: result: gcc
configure:3988: checking for C compiler version
configure:3997: gcc --version >&5
gcc (GCC) 4.6.2 20120120 (prerelease)
Copyright (C) 2011 Free Software Foundation, Inc.
This is free software; see the source for copying conditions.  There is NO
warranty; not even for MERCHANTABILITY or FITNESS FOR A PARTICULAR PURPOSE.

configure:4008: $? = 0
configure:3997: gcc -v >&5
Using built-in specs.
COLLECT_GCC=gcc
COLLECT_LTO_WRAPPER=/usr/lib/gcc/x86_64-unknown-linux-gnu/4.6.2/lto-wrapper
Target: x86_64-unknown-linux-gnu
Configured with: /build/src/gcc-4.6-20120120/configure --prefix=/usr --libdir=/usr/lib --libexecdir=/usr/lib --mandir=/usr/share/man --infodir=/usr/share/info --with-bugurl=https://bugs.archlinux.org/ --enable-languages=c,c++,ada,fortran,go,lto,objc,obj-c++ --enable-shared --enable-threads=posix --with-system-zlib --enable-__cxa_atexit --disable-libunwind-exceptions --enable-clocale=gnu --disable-libstdcxx-pch --enable-libstdcxx-time --enable-gnu-unique-object --enable-linker-build-id --with-ppl --enable-cloog-backend=isl --enable-lto --enable-gold --enable-ld=default --enable-plugin --with-plugin-ld=ld.gold --disable-multilib --disable-libssp --enable-checking=release
Thread model: posix
gcc version 4.6.2 20120120 (prerelease) (GCC) 
configure:4008: $? = 0
configure:3997: gcc -V >&5
gcc: error: unrecognized option '-V'
gcc: fatal error: no input files
compilation terminated.
configure:4008: $? = 1
configure:3997: gcc -qversion >&5
gcc: error: unrecognized option '-qversion'
gcc: fatal error: no input files
compilation terminated.
configure:4008: $? = 1
configure:4012: checking whether we are using the GNU C compiler
configure:4031: gcc -c   conftest.c >&5
configure:4031: $? = 0
configure:4040: result: yes
configure:4049: checking whether gcc accepts -g
configure:4069: gcc -c -g  conftest.c >&5
configure:4069: $? = 0
configure:4110: result: yes
configure:4127: checking for gcc option to accept ISO C89
configure:4191: gcc  -c -g -O2  conftest.c >&5
configure:4191: $? = 0
configure:4204: result: none needed
configure:4226: checking dependency style of gcc
configure:4337: result: gcc3
configure:4352: checking for a sed that does not truncate output
configure:4416: result: /bin/sed
configure:4434: checking for grep that handles long lines and -e
configure:4492: result: /bin/grep
configure:4497: checking for egrep
configure:4559: result: /bin/grep -E
configure:4564: checking for fgrep
configure:4626: result: /bin/grep -F
configure:4661: checking for ld used by gcc
configure:4728: result: /usr/bin/ld
configure:4735: checking if the linker (/usr/bin/ld) is GNU ld
configure:4750: result: yes
configure:4762: checking for BSD- or MS-compatible name lister (nm)
configure:4811: result: /usr/bin/nm -B
configure:4941: checking the name lister (/usr/bin/nm -B) interface
configure:4948: gcc -c -g -O2  conftest.c >&5
configure:4951: /usr/bin/nm -B "conftest.o"
configure:4954: output
0000000000000000 B some_variable
configure:4961: result: BSD nm
configure:4964: checking whether ln -s works
configure:4968: result: yes
configure:4976: checking the maximum length of command line arguments
configure:5106: result: 1572864
configure:5123: checking whether the shell understands some XSI constructs
configure:5133: result: yes
configure:5137: checking whether the shell understands "+="
configure:5143: result: yes
configure:5178: checking how to convert x86_64-unknown-linux-gnu file names to x86_64-unknown-linux-gnu format
configure:5218: result: func_convert_file_noop
configure:5225: checking how to convert x86_64-unknown-linux-gnu file names to toolchain format
configure:5245: result: func_convert_file_noop
configure:5252: checking for /usr/bin/ld option to reload object files
configure:5259: result: -r
configure:5333: checking for objdump
configure:5349: found /usr/bin/objdump
configure:5360: result: objdump
configure:5392: checking how to recognize dependent libraries
configure:5594: result: pass_all
configure:5679: checking for dlltool
configure:5709: result: no
configure:5739: checking how to associate runtime and link libraries
configure:5766: result: printf %s\n
configure:5827: checking for ar
configure:5843: found /usr/bin/ar
configure:5854: result: ar
configure:5891: checking for archiver @FILE support
configure:5908: gcc -c -g -O2  conftest.c >&5
configure:5908: $? = 0
configure:5911: ar cru libconftest.a @conftest.lst >&5
configure:5914: $? = 0
configure:5919: ar cru libconftest.a @conftest.lst >&5
ar: conftest.o: No such file or directory
configure:5922: $? = 1
configure:5934: result: @
configure:5992: checking for strip
configure:6008: found /usr/bin/strip
configure:6019: result: strip
configure:6091: checking for ranlib
configure:6107: found /usr/bin/ranlib
configure:6118: result: ranlib
configure:6220: checking command to parse /usr/bin/nm -B output from gcc object
configure:6340: gcc -c -g -O2  conftest.c >&5
configure:6343: $? = 0
configure:6347: /usr/bin/nm -B conftest.o \| sed -n -e 's/^.*[ ]\([ABCDGIRSTW][ABCDGIRSTW]*\)[ ][ ]*\([_A-Za-z][_A-Za-z0-9]*\)$/\1 \2 \2/p' | sed '/ __gnu_lto/d' \> conftest.nm
configure:6350: $? = 0
configure:6416: gcc -o conftest -g -O2   conftest.c conftstm.o >&5
configure:6419: $? = 0
configure:6457: result: ok
configure:6494: checking for sysroot
configure:6524: result: no
configure:6601: gcc -c -g -O2  conftest.c >&5
configure:6604: $? = 0
configure:6780: checking for mt
configure:6810: result: no
configure:6830: checking if : is a manifest tool
configure:6836: : '-?'
configure:6844: result: no
configure:7486: checking how to run the C preprocessor
configure:7517: gcc -E  conftest.c
configure:7517: $? = 0
configure:7531: gcc -E  conftest.c
conftest.c:11:28: fatal error: ac_nonexistent.h: No such file or directory
compilation terminated.
configure:7531: $? = 1
configure: failed program was:
| /* confdefs.h */
| #define PACKAGE_NAME "libmeteosalute"
| #define PACKAGE_TARNAME "libmeteosalute"
| #define PACKAGE_VERSION "1.0"
| #define PACKAGE_STRING "libmeteosalute 1.0"
| #define PACKAGE_BUGREPORT "graziano.giuliani@poste.it"
| #define PACKAGE_URL ""
| #define PACKAGE "libmeteosalute"
| #define VERSION "1.0"
| /* end confdefs.h.  */
| #include <ac_nonexistent.h>
configure:7556: result: gcc -E
configure:7576: gcc -E  conftest.c
configure:7576: $? = 0
configure:7590: gcc -E  conftest.c
conftest.c:11:28: fatal error: ac_nonexistent.h: No such file or directory
compilation terminated.
configure:7590: $? = 1
configure: failed program was:
| /* confdefs.h */
| #define PACKAGE_NAME "libmeteosalute"
| #define PACKAGE_TARNAME "libmeteosalute"
| #define PACKAGE_VERSION "1.0"
| #define PACKAGE_STRING "libmeteosalute 1.0"
| #define PACKAGE_BUGREPORT "graziano.giuliani@poste.it"
| #define PACKAGE_URL ""
| #define PACKAGE "libmeteosalute"
| #define VERSION "1.0"
| /* end confdefs.h.  */
| #include <ac_nonexistent.h>
configure:7619: checking for ANSI C header files
configure:7639: gcc -c -g -O2  conftest.c >&5
configure:7639: $? = 0
configure:7712: gcc -o conftest -g -O2   conftest.c  >&5
configure:7712: $? = 0
configure:7712: ./conftest
configure:7712: $? = 0
configure:7723: result: yes
configure:7736: checking for sys/types.h
configure:7736: gcc -c -g -O2  conftest.c >&5
configure:7736: $? = 0
configure:7736: result: yes
configure:7736: checking for sys/stat.h
configure:7736: gcc -c -g -O2  conftest.c >&5
configure:7736: $? = 0
configure:7736: result: yes
configure:7736: checking for stdlib.h
configure:7736: gcc -c -g -O2  conftest.c >&5
configure:7736: $? = 0
configure:7736: result: yes
configure:7736: checking for string.h
configure:7736: gcc -c -g -O2  conftest.c >&5
configure:7736: $? = 0
configure:7736: result: yes
configure:7736: checking for memory.h
configure:7736: gcc -c -g -O2  conftest.c >&5
configure:7736: $? = 0
configure:7736: result: yes
configure:7736: checking for strings.h
configure:7736: gcc -c -g -O2  conftest.c >&5
configure:7736: $? = 0
configure:7736: result: yes
configure:7736: checking for inttypes.h
configure:7736: gcc -c -g -O2  conftest.c >&5
configure:7736: $? = 0
configure:7736: result: yes
configure:7736: checking for stdint.h
configure:7736: gcc -c -g -O2  conftest.c >&5
configure:7736: $? = 0
configure:7736: result: yes
configure:7736: checking for unistd.h
configure:7736: gcc -c -g -O2  conftest.c >&5
configure:7736: $? = 0
configure:7736: result: yes
configure:7750: checking for dlfcn.h
configure:7750: gcc -c -g -O2  conftest.c >&5
configure:7750: $? = 0
configure:7750: result: yes
configure:7967: checking for objdir
configure:7982: result: .libs
configure:8249: checking if gcc supports -fno-rtti -fno-exceptions
configure:8267: gcc -c -g -O2  -fno-rtti -fno-exceptions conftest.c >&5
cc1: warning: command line option '-fno-rtti' is valid for C++/ObjC++ but not for C [enabled by default]
configure:8271: $? = 0
configure:8284: result: no
configure:8611: checking for gcc option to produce PIC
configure:8618: result: -fPIC -DPIC
configure:8626: checking if gcc PIC flag -fPIC -DPIC works
configure:8644: gcc -c -g -O2  -fPIC -DPIC -DPIC conftest.c >&5
configure:8648: $? = 0
configure:8661: result: yes
configure:8690: checking if gcc static flag -static works
configure:8718: result: yes
configure:8733: checking if gcc supports -c -o file.o
configure:8754: gcc -c -g -O2  -o out/conftest2.o conftest.c >&5
configure:8758: $? = 0
configure:8780: result: yes
configure:8788: checking if gcc supports -c -o file.o
configure:8835: result: yes
configure:8868: checking whether the gcc linker (/usr/bin/ld -m elf_x86_64) supports shared libraries
configure:10021: result: yes
configure:10058: checking whether -lc should be explicitly linked in
configure:10066: gcc -c -g -O2  conftest.c >&5
configure:10069: $? = 0
configure:10084: gcc -shared  -fPIC -DPIC conftest.o  -v -Wl,-soname -Wl,conftest -o conftest 2\>\&1 \| /bin/grep  -lc  \>/dev/null 2\>\&1
configure:10087: $? = 0
configure:10101: result: no
configure:10261: checking dynamic linker characteristics
configure:10772: gcc -o conftest -g -O2   -Wl,-rpath -Wl,/foo conftest.c  >&5
configure:10772: $? = 0
configure:10994: result: GNU/Linux ld.so
configure:11101: checking how to hardcode library paths into programs
configure:11126: result: immediate
configure:11666: checking whether stripping libraries is possible
configure:11671: result: yes
configure:11706: checking if libtool supports shared libraries
configure:11708: result: yes
configure:11711: checking whether to build shared libraries
configure:11732: result: yes
configure:11735: checking whether to build static libraries
configure:11739: result: yes
configure:11762: checking how to run the C++ preprocessor
configure:11789: g++ -E  conftest.cpp
configure:11789: $? = 0
configure:11803: g++ -E  conftest.cpp
conftest.cpp:23:28: fatal error: ac_nonexistent.h: No such file or directory
compilation terminated.
configure:11803: $? = 1
configure: failed program was:
| /* confdefs.h */
| #define PACKAGE_NAME "libmeteosalute"
| #define PACKAGE_TARNAME "libmeteosalute"
| #define PACKAGE_VERSION "1.0"
| #define PACKAGE_STRING "libmeteosalute 1.0"
| #define PACKAGE_BUGREPORT "graziano.giuliani@poste.it"
| #define PACKAGE_URL ""
| #define PACKAGE "libmeteosalute"
| #define VERSION "1.0"
| #define STDC_HEADERS 1
| #define HAVE_SYS_TYPES_H 1
| #define HAVE_SYS_STAT_H 1
| #define HAVE_STDLIB_H 1
| #define HAVE_STRING_H 1
| #define HAVE_MEMORY_H 1
| #define HAVE_STRINGS_H 1
| #define HAVE_INTTYPES_H 1
| #define HAVE_STDINT_H 1
| #define HAVE_UNISTD_H 1
| #define HAVE_DLFCN_H 1
| #define LT_OBJDIR ".libs/"
| /* end confdefs.h.  */
| #include <ac_nonexistent.h>
configure:11828: result: g++ -E
configure:11848: g++ -E  conftest.cpp
configure:11848: $? = 0
configure:11862: g++ -E  conftest.cpp
conftest.cpp:23:28: fatal error: ac_nonexistent.h: No such file or directory
compilation terminated.
configure:11862: $? = 1
configure: failed program was:
| /* confdefs.h */
| #define PACKAGE_NAME "libmeteosalute"
| #define PACKAGE_TARNAME "libmeteosalute"
| #define PACKAGE_VERSION "1.0"
| #define PACKAGE_STRING "libmeteosalute 1.0"
| #define PACKAGE_BUGREPORT "graziano.giuliani@poste.it"
| #define PACKAGE_URL ""
| #define PACKAGE "libmeteosalute"
| #define VERSION "1.0"
| #define STDC_HEADERS 1
| #define HAVE_SYS_TYPES_H 1
| #define HAVE_SYS_STAT_H 1
| #define HAVE_STDLIB_H 1
| #define HAVE_STRING_H 1
| #define HAVE_MEMORY_H 1
| #define HAVE_STRINGS_H 1
| #define HAVE_INTTYPES_H 1
| #define HAVE_STDINT_H 1
| #define HAVE_UNISTD_H 1
| #define HAVE_DLFCN_H 1
| #define LT_OBJDIR ".libs/"
| /* end confdefs.h.  */
| #include <ac_nonexistent.h>
configure:12031: checking for ld used by g++
configure:12098: result: /usr/bin/ld -m elf_x86_64
configure:12105: checking if the linker (/usr/bin/ld -m elf_x86_64) is GNU ld
configure:12120: result: yes
configure:12175: checking whether the g++ linker (/usr/bin/ld -m elf_x86_64) supports shared libraries
configure:13180: result: yes
configure:13216: g++ -c -g -O2  conftest.cpp >&5
configure:13219: $? = 0
configure:13739: checking for g++ option to produce PIC
configure:13746: result: -fPIC -DPIC
configure:13754: checking if g++ PIC flag -fPIC -DPIC works
configure:13772: g++ -c -g -O2  -fPIC -DPIC -DPIC conftest.cpp >&5
configure:13776: $? = 0
configure:13789: result: yes
configure:13812: checking if g++ static flag -static works
configure:13840: result: yes
configure:13852: checking if g++ supports -c -o file.o
configure:13873: g++ -c -g -O2  -o out/conftest2.o conftest.cpp >&5
configure:13877: $? = 0
configure:13899: result: yes
configure:13904: checking if g++ supports -c -o file.o
configure:13951: result: yes
configure:13981: checking whether the g++ linker (/usr/bin/ld -m elf_x86_64) supports shared libraries
configure:14017: result: yes
configure:14158: checking dynamic linker characteristics
configure:14825: result: GNU/Linux ld.so
configure:14878: checking how to hardcode library paths into programs
configure:14903: result: immediate
configure:14965: checking psychrometric.h usability
configure:14965: gcc -c -g -O2  conftest.c >&5
conftest.c:56:27: fatal error: psychrometric.h: No such file or directory
compilation terminated.
configure:14965: $? = 1
configure: failed program was:
| /* confdefs.h */
| #define PACKAGE_NAME "libmeteosalute"
| #define PACKAGE_TARNAME "libmeteosalute"
| #define PACKAGE_VERSION "1.0"
| #define PACKAGE_STRING "libmeteosalute 1.0"
| #define PACKAGE_BUGREPORT "graziano.giuliani@poste.it"
| #define PACKAGE_URL ""
| #define PACKAGE "libmeteosalute"
| #define VERSION "1.0"
| #define STDC_HEADERS 1
| #define HAVE_SYS_TYPES_H 1
| #define HAVE_SYS_STAT_H 1
| #define HAVE_STDLIB_H 1
| #define HAVE_STRING_H 1
| #define HAVE_MEMORY_H 1
| #define HAVE_STRINGS_H 1
| #define HAVE_INTTYPES_H 1
| #define HAVE_STDINT_H 1
| #define HAVE_UNISTD_H 1
| #define HAVE_DLFCN_H 1
| #define LT_OBJDIR ".libs/"
| /* end confdefs.h.  */
| #include <stdio.h>
| #ifdef HAVE_SYS_TYPES_H
| # include <sys/types.h>
| #endif
| #ifdef HAVE_SYS_STAT_H
| # include <sys/stat.h>
| #endif
| #ifdef STDC_HEADERS
| # include <stdlib.h>
| # include <stddef.h>
| #else
| # ifdef HAVE_STDLIB_H
| #  include <stdlib.h>
| # endif
| #endif
| #ifdef HAVE_STRING_H
| # if !defined STDC_HEADERS && defined HAVE_MEMORY_H
| #  include <memory.h>
| # endif
| # include <string.h>
| #endif
| #ifdef HAVE_STRINGS_H
| # include <strings.h>
| #endif
| #ifdef HAVE_INTTYPES_H
| # include <inttypes.h>
| #endif
| #ifdef HAVE_STDINT_H
| # include <stdint.h>
| #endif
| #ifdef HAVE_UNISTD_H
| # include <unistd.h>
| #endif
| #include <psychrometric.h>
configure:14965: result: no
configure:14965: checking psychrometric.h presence
configure:14965: gcc -E  conftest.c
conftest.c:23:27: fatal error: psychrometric.h: No such file or directory
compilation terminated.
configure:14965: $? = 1
configure: failed program was:
| /* confdefs.h */
| #define PACKAGE_NAME "libmeteosalute"
| #define PACKAGE_TARNAME "libmeteosalute"
| #define PACKAGE_VERSION "1.0"
| #define PACKAGE_STRING "libmeteosalute 1.0"
| #define PACKAGE_BUGREPORT "graziano.giuliani@poste.it"
| #define PACKAGE_URL ""
| #define PACKAGE "libmeteosalute"
| #define VERSION "1.0"
| #define STDC_HEADERS 1
| #define HAVE_SYS_TYPES_H 1
| #define HAVE_SYS_STAT_H 1
| #define HAVE_STDLIB_H 1
| #define HAVE_STRING_H 1
| #define HAVE_MEMORY_H 1
| #define HAVE_STRINGS_H 1
| #define HAVE_INTTYPES_H 1
| #define HAVE_STDINT_H 1
| #define HAVE_UNISTD_H 1
| #define HAVE_DLFCN_H 1
| #define LT_OBJDIR ".libs/"
| /* end confdefs.h.  */
| #include <psychrometric.h>
configure:14965: result: no
configure:14965: checking for psychrometric.h
configure:14965: result: no
configure:14969: error: cannot find headers for libpsychrometric

## ---------------- ##
## Cache variables. ##
## ---------------- ##

ac_cv_build=x86_64-unknown-linux-gnu
ac_cv_c_compiler_gnu=yes
ac_cv_cxx_compiler_gnu=yes
ac_cv_env_CCC_set=
ac_cv_env_CCC_value=
ac_cv_env_CC_set=
ac_cv_env_CC_value=
ac_cv_env_CFLAGS_set=
ac_cv_env_CFLAGS_value=
ac_cv_env_CPPFLAGS_set=
ac_cv_env_CPPFLAGS_value=
ac_cv_env_CPP_set=
ac_cv_env_CPP_value=
ac_cv_env_CXXCPP_set=
ac_cv_env_CXXCPP_value=
ac_cv_env_CXXFLAGS_set=
ac_cv_env_CXXFLAGS_value=
ac_cv_env_CXX_set=
ac_cv_env_CXX_value=
ac_cv_env_LDFLAGS_set=
ac_cv_env_LDFLAGS_value=
ac_cv_env_LIBS_set=
ac_cv_env_LIBS_value=
ac_cv_env_build_alias_set=
ac_cv_env_build_alias_value=
ac_cv_env_host_alias_set=
ac_cv_env_host_alias_value=
ac_cv_env_target_alias_set=
ac_cv_env_target_alias_value=
ac_cv_header_dlfcn_h=yes
ac_cv_header_inttypes_h=yes
ac_cv_header_memory_h=yes
ac_cv_header_psychrometric_h=no
ac_cv_header_stdc=yes
ac_cv_header_stdint_h=yes
ac_cv_header_stdlib_h=yes
ac_cv_header_string_h=yes
ac_cv_header_strings_h=yes
ac_cv_header_sys_stat_h=yes
ac_cv_header_sys_types_h=yes
ac_cv_header_unistd_h=yes
ac_cv_host=x86_64-unknown-linux-gnu
ac_cv_objext=o
ac_cv_path_EGREP='/bin/grep -E'
ac_cv_path_FGREP='/bin/grep -F'
ac_cv_path_GREP=/bin/grep
ac_cv_path_SED=/bin/sed
ac_cv_path_install='/bin/install -c'
ac_cv_path_mkdir=/bin/mkdir
ac_cv_prog_AWK=gawk
ac_cv_prog_CPP='gcc -E'
ac_cv_prog_CXXCPP='g++ -E'
ac_cv_prog_ac_ct_AR=ar
ac_cv_prog_ac_ct_CC=gcc
ac_cv_prog_ac_ct_CXX=g++
ac_cv_prog_ac_ct_OBJDUMP=objdump
ac_cv_prog_ac_ct_RANLIB=ranlib
ac_cv_prog_ac_ct_STRIP=strip
ac_cv_prog_cc_c89=
ac_cv_prog_cc_g=yes
ac_cv_prog_cxx_g=yes
ac_cv_prog_make_make_set=yes
am_cv_CC_dependencies_compiler_type=gcc3
am_cv_CXX_dependencies_compiler_type=gcc3
lt_cv_ar_at_file=@
lt_cv_archive_cmds_need_lc=no
lt_cv_deplibs_check_method=pass_all
lt_cv_file_magic_cmd='$MAGIC_CMD'
lt_cv_file_magic_test_file=
lt_cv_ld_reload_flag=-r
lt_cv_nm_interface='BSD nm'
lt_cv_objdir=.libs
lt_cv_path_LD=/usr/bin/ld
lt_cv_path_LDCXX='/usr/bin/ld -m elf_x86_64'
lt_cv_path_NM='/usr/bin/nm -B'
lt_cv_path_mainfest_tool=no
lt_cv_prog_compiler_c_o=yes
lt_cv_prog_compiler_c_o_CXX=yes
lt_cv_prog_compiler_pic='-fPIC -DPIC'
lt_cv_prog_compiler_pic_CXX='-fPIC -DPIC'
lt_cv_prog_compiler_pic_works=yes
lt_cv_prog_compiler_pic_works_CXX=yes
lt_cv_prog_compiler_rtti_exceptions=no
lt_cv_prog_compiler_static_works=yes
lt_cv_prog_compiler_static_works_CXX=yes
lt_cv_prog_gnu_ld=yes
lt_cv_prog_gnu_ldcxx=yes
lt_cv_sharedlib_from_linklib_cmd='printf %s\n'
lt_cv_shlibpath_overrides_runpath=no
lt_cv_sys_global_symbol_pipe='sed -n -e '\''s/^.*[	 ]\([ABCDGIRSTW][ABCDGIRSTW]*\)[	 ][	 ]*\([_A-Za-z][_A-Za-z0-9]*\)$/\1 \2 \2/p'\'' | sed '\''/ __gnu_lto/d'\'''
lt_cv_sys_global_symbol_to_c_name_address='sed -n -e '\''s/^: \([^ ]*\)[ ]*$/  {\"\1\", (void *) 0},/p'\'' -e '\''s/^[ABCDGIRSTW]* \([^ ]*\) \([^ ]*\)$/  {"\2", (void *) \&\2},/p'\'''
lt_cv_sys_global_symbol_to_c_name_address_lib_prefix='sed -n -e '\''s/^: \([^ ]*\)[ ]*$/  {\"\1\", (void *) 0},/p'\'' -e '\''s/^[ABCDGIRSTW]* \([^ ]*\) \(lib[^ ]*\)$/  {"\2", (void *) \&\2},/p'\'' -e '\''s/^[ABCDGIRSTW]* \([^ ]*\) \([^ ]*\)$/  {"lib\2", (void *) \&\2},/p'\'''
lt_cv_sys_global_symbol_to_cdecl='sed -n -e '\''s/^T .* \(.*\)$/extern int \1();/p'\'' -e '\''s/^[ABCDGIRSTW]* .* \(.*\)$/extern char \1;/p'\'''
lt_cv_sys_max_cmd_len=1572864
lt_cv_to_host_file_cmd=func_convert_file_noop
lt_cv_to_tool_file_cmd=func_convert_file_noop

## ----------------- ##
## Output variables. ##
## ----------------- ##

ACLOCAL='${SHELL} /home/graziano/Software/software/libmeteosalute/missing --run aclocal-1.11'
AMDEPBACKSLASH='\'
AMDEP_FALSE='#'
AMDEP_TRUE=''
AMTAR='$${TAR-tar}'
AR='ar'
AUTOCONF='${SHELL} /home/graziano/Software/software/libmeteosalute/missing --run autoconf'
AUTOHEADER='${SHELL} /home/graziano/Software/software/libmeteosalute/missing --run autoheader'
AUTOMAKE='${SHELL} /home/graziano/Software/software/libmeteosalute/missing --run automake-1.11'
AWK='gawk'
CC='gcc'
CCDEPMODE='depmode=gcc3'
CFLAGS='-g -O2'
CPP='gcc -E'
CPPFLAGS=''
CXX='g++'
CXXCPP='g++ -E'
CXXDEPMODE='depmode=gcc3'
CXXFLAGS='-g -O2'
CYGPATH_W='echo'
DEFS=''
DEPDIR='.deps'
DLLTOOL='false'
DSYMUTIL=''
DUMPBIN=''
ECHO_C=''
ECHO_N='-n'
ECHO_T=''
EGREP='/bin/grep -E'
EXEEXT=''
FGREP='/bin/grep -F'
GREP='/bin/grep'
INSTALL_DATA='${INSTALL} -m 644'
INSTALL_PROGRAM='${INSTALL}'
INSTALL_SCRIPT='${INSTALL}'
INSTALL_STRIP_PROGRAM='$(install_sh) -c -s'
LD='/usr/bin/ld -m elf_x86_64'
LDFLAGS=''
LIBOBJS=''
LIBS=''
LIBTOOL='$(SHELL) $(top_builddir)/libtool'
LIPO=''
LN_S='ln -s'
LTLIBOBJS=''
MAKEINFO='${SHELL} /home/graziano/Software/software/libmeteosalute/missing --run makeinfo'
MANIFEST_TOOL=':'
MKDIR_P='/bin/mkdir -p'
NM='/usr/bin/nm -B'
NMEDIT=''
OBJDUMP='objdump'
OBJEXT='o'
OTOOL64=''
OTOOL=''
PACKAGE='libmeteosalute'
PACKAGE_BUGREPORT='graziano.giuliani@poste.it'
PACKAGE_NAME='libmeteosalute'
PACKAGE_STRING='libmeteosalute 1.0'
PACKAGE_TARNAME='libmeteosalute'
PACKAGE_URL=''
PACKAGE_VERSION='1.0'
PATH_SEPARATOR=':'
RANLIB='ranlib'
SED='/bin/sed'
SET_MAKE=''
SHELL='/bin/sh'
STRIP='strip'
VERSION='1.0'
ac_ct_AR='ar'
ac_ct_CC='gcc'
ac_ct_CXX='g++'
ac_ct_DUMPBIN=''
am__EXEEXT_FALSE=''
am__EXEEXT_TRUE=''
am__fastdepCC_FALSE='#'
am__fastdepCC_TRUE=''
am__fastdepCXX_FALSE='#'
am__fastdepCXX_TRUE=''
am__include='include'
am__isrc=''
am__leading_dot='.'
am__nodep='_no'
am__quote=''
am__tar='$${TAR-tar} chof - "$$tardir"'
am__untar='$${TAR-tar} xf -'
bindir='${exec_prefix}/bin'
build='x86_64-unknown-linux-gnu'
build_alias=''
build_cpu='x86_64'
build_os='linux-gnu'
build_vendor='unknown'
datadir='${datarootdir}'
datarootdir='${prefix}/share'
docdir='${datarootdir}/doc/${PACKAGE_TARNAME}'
dvidir='${docdir}'
exec_prefix='NONE'
host='x86_64-unknown-linux-gnu'
host_alias=''
host_cpu='x86_64'
host_os='linux-gnu'
host_vendor='unknown'
htmldir='${docdir}'
includedir='${prefix}/include'
infodir='${datarootdir}/info'
install_sh='${SHELL} /home/graziano/Software/software/libmeteosalute/install-sh'
libdir='${exec_prefix}/lib'
libexecdir='${exec_prefix}/libexec'
localedir='${datarootdir}/locale'
localstatedir='${prefix}/var'
mandir='${datarootdir}/man'
mkdir_p='/bin/mkdir -p'
oldincludedir='/usr/include'
pdfdir='${docdir}'
prefix='NONE'
program_transform_name='s,x,x,'
psdir='${docdir}'
sbindir='${exec_prefix}/sbin'
sharedstatedir='${prefix}/com'
sysconfdir='${prefix}/etc'
target_alias=''

## ----------- ##
## confdefs.h. ##
## ----------- ##

/* confdefs.h */
#define PACKAGE_NAME "libmeteosalute"
#define PACKAGE_TARNAME "libmeteosalute"
#define PACKAGE_VERSION "1.0"
#define PACKAGE_STRING "libmeteosalute 1.0"
#define PACKAGE_BUGREPORT "graziano.giuliani@poste.it"
#define PACKAGE_URL ""
#define PACKAGE "libmeteosalute"
#define VERSION "1.0"
#define STDC_HEADERS 1
#define HAVE_SYS_TYPES_H 1
#define HAVE_SYS_STAT_H 1
#define HAVE_STDLIB_H 1
#define HAVE_STRING_H 1
#define HAVE_MEMORY_H 1
#define HAVE_STRINGS_H 1
#define HAVE_INTTYPES_H 1
#define HAVE_STDINT_H 1
#define HAVE_UNISTD_H 1
#define HAVE_DLFCN_H 1
#define LT_OBJDIR ".libs/"

configure: exit 1
